
Dec 01, 2021 21:38:56.28 NEW SESSION
Dec 01, 2021 21:38:56.28 [10024:21284:1201/213856.274:ERROR:chrome_browser_main_extra_parts_metrics.cc(226)] crbug.com/1216328: Checking Bluetooth availability started. Please report if there is no report that this ends.
Dec 01, 2021 21:38:56.28 [10024:21284:1201/213856.274:ERROR:chrome_browser_main_extra_parts_metrics.cc(229)] crbug.com/1216328: Checking Bluetooth availability ended.
Dec 01, 2021 21:38:56.28 [10024:21284:1201/213856.274:ERROR:chrome_browser_main_extra_parts_metrics.cc(232)] crbug.com/1216328: Checking default browser status started. Please report if there is no report that this ends.
Dec 01, 2021 21:38:56.28 [10024:21472:1201/213856.279:ERROR:device_event_log_impl.cc(214)] [21:38:56.279] USB: usb_device_handle_win.cc:1048 Failed to read descriptor from node connection: A device attached to the system is not functioning. (0x1F)
Dec 01, 2021 21:38:56.29 [10024:21472:1201/213856.282:ERROR:device_event_log_impl.cc(214)] [21:38:56.283] USB: usb_device_handle_win.cc:1048 Failed to read descriptor from node connection: A device attached to the system is not functioning. (0x1F)
Dec 01, 2021 21:38:56.29 [10024:21284:1201/213856.285:ERROR:chrome_browser_main_extra_parts_metrics.cc(236)] crbug.com/1216328: Checking default browser status ended.
Dec 01, 2021 22:00:55.85 [10024:22536:1201/220055.856:ERROR:connection_factory_impl.cc(425)] Failed to connect to MCS endpoint with error -106
Dec 01, 2021 22:01:18.76 [10024:22536:1201/220118.767:ERROR:connection_factory_impl.cc(425)] Failed to connect to MCS endpoint with error -106
Dec 01, 2021 22:05:07.73 [7660:24036:1201/220507.735:ERROR:chrome_browser_main_extra_parts_metrics.cc(226)] crbug.com/1216328: Checking Bluetooth availability started. Please report if there is no report that this ends.
Dec 01, 2021 22:05:07.73 [7660:24036:1201/220507.736:ERROR:chrome_browser_main_extra_parts_metrics.cc(229)] crbug.com/1216328: Checking Bluetooth availability ended.
Dec 01, 2021 22:05:07.74 [7660:24036:1201/220507.736:ERROR:chrome_browser_main_extra_parts_metrics.cc(232)] crbug.com/1216328: Checking default browser status started. Please report if there is no report that this ends.
Dec 01, 2021 22:05:07.74 [7660:14944:1201/220507.742:ERROR:device_event_log_impl.cc(214)] [22:05:07.742] USB: usb_device_handle_win.cc:1048 Failed to read descriptor from node connection: A device attached to the system is not functioning. (0x1F)
Dec 01, 2021 22:05:07.75 [7660:14944:1201/220507.742:ERROR:device_event_log_impl.cc(214)] [22:05:07.742] USB: usb_device_handle_win.cc:1048 Failed to read descriptor from node connection: A device attached to the system is not functioning. (0x1F)
Dec 01, 2021 22:05:07.76 [7660:24036:1201/220507.760:ERROR:chrome_browser_main_extra_parts_metrics.cc(236)] crbug.com/1216328: Checking default browser status ended.
Dec 01, 2021 22:05:07.80 [7660:20776:1201/220507.806:ERROR:connection_factory_impl.cc(425)] Failed to connect to MCS endpoint with error -106
Dec 01, 2021 22:05:35.02 [7660:20776:1201/220535.025:ERROR:connection_factory_impl.cc(425)] Failed to connect to MCS endpoint with error -106
Dec 01, 2021 22:06:23.76 [7660:20776:1201/220623.761:ERROR:connection_factory_impl.cc(425)] Failed to connect to MCS endpoint with error -106

Dec 02, 2021 11:10:54.69 NEW SESSION
Dec 02, 2021 11:10:54.69 [14768:9372:1202/111054.683:ERROR:chrome_browser_main_extra_parts_metrics.cc(226)] crbug.com/1216328: Checking Bluetooth availability started. Please report if there is no report that this ends.
Dec 02, 2021 11:10:54.69 [14768:9372:1202/111054.683:ERROR:chrome_browser_main_extra_parts_metrics.cc(229)] crbug.com/1216328: Checking Bluetooth availability ended.
Dec 02, 2021 11:10:54.69 [14768:9372:1202/111054.683:ERROR:chrome_browser_main_extra_parts_metrics.cc(232)] crbug.com/1216328: Checking default browser status started. Please report if there is no report that this ends.
Dec 02, 2021 11:10:54.69 [14768:19076:1202/111054.687:ERROR:device_event_log_impl.cc(214)] [11:10:54.687] USB: usb_device_handle_win.cc:1048 Failed to read descriptor from node connection: A device attached to the system is not functioning. (0x1F)
Dec 02, 2021 11:10:54.70 [14768:19076:1202/111054.688:ERROR:device_event_log_impl.cc(214)] [11:10:54.688] USB: usb_device_handle_win.cc:1048 Failed to read descriptor from node connection: A device attached to the system is not functioning. (0x1F)
Dec 02, 2021 11:10:54.70 [14768:9372:1202/111054.692:ERROR:chrome_browser_main_extra_parts_metrics.cc(236)] crbug.com/1216328: Checking default browser status ended.
Dec 02, 2021 11:10:54.79 [14768:19268:1202/111054.797:ERROR:connection_factory_impl.cc(425)] Failed to connect to MCS endpoint with error -106
Dec 02, 2021 11:12:07.93 [17360:7520:1202/111207.934:ERROR:chrome_browser_main_extra_parts_metrics.cc(226)] crbug.com/1216328: Checking Bluetooth availability started. Please report if there is no report that this ends.
Dec 02, 2021 11:12:07.93 [17360:7520:1202/111207.934:ERROR:chrome_browser_main_extra_parts_metrics.cc(229)] crbug.com/1216328: Checking Bluetooth availability ended.
Dec 02, 2021 11:12:07.94 [17360:7520:1202/111207.934:ERROR:chrome_browser_main_extra_parts_metrics.cc(232)] crbug.com/1216328: Checking default browser status started. Please report if there is no report that this ends.
Dec 02, 2021 11:12:07.94 [17360:24324:1202/111207.939:ERROR:device_event_log_impl.cc(214)] [11:12:07.938] USB: usb_device_handle_win.cc:1048 Failed to read descriptor from node connection: A device attached to the system is not functioning. (0x1F)
Dec 02, 2021 11:12:07.94 [17360:24324:1202/111207.941:ERROR:device_event_log_impl.cc(214)] [11:12:07.941] USB: usb_device_handle_win.cc:1048 Failed to read descriptor from node connection: A device attached to the system is not functioning. (0x1F)
Dec 02, 2021 11:12:07.94 [17360:7520:1202/111207.946:ERROR:chrome_browser_main_extra_parts_metrics.cc(236)] crbug.com/1216328: Checking default browser status ended.
Dec 02, 2021 11:12:07.98 [17360:17684:1202/111207.983:ERROR:connection_factory_impl.cc(425)] Failed to connect to MCS endpoint with error -106
Dec 02, 2021 11:12:36.84 [17360:17684:1202/111236.844:ERROR:connection_factory_impl.cc(425)] Failed to connect to MCS endpoint with error -106
Dec 02, 2021 11:13:36.04 [17360:17684:1202/111336.042:ERROR:connection_factory_impl.cc(425)] Failed to connect to MCS endpoint with error -106
Dec 02, 2021 11:15:19.05 [17360:17684:1202/111519.050:ERROR:connection_factory_impl.cc(425)] Failed to connect to MCS endpoint with error -106
Dec 02, 2021 11:19:09.23 [17360:17684:1202/111909.239:ERROR:connection_factory_impl.cc(425)] Failed to connect to MCS endpoint with error -106
Dec 02, 2021 11:25:24.13 [17360:17684:1202/112524.134:ERROR:connection_factory_impl.cc(425)] Failed to connect to MCS endpoint with error -106
Dec 02, 2021 11:35:24.12 [17360:17684:1202/113524.124:ERROR:connection_factory_impl.cc(425)] Failed to connect to MCS endpoint with error -106
Dec 02, 2021 11:40:30.24 [17360:17684:1202/114030.246:ERROR:connection_factory_impl.cc(425)] Failed to connect to MCS endpoint with error -106

Dec 02, 2021 22:48:18.07 NEW SESSION
Dec 02, 2021 22:48:18.07 [25468:26584:1202/224818.069:ERROR:chrome_browser_main_extra_parts_metrics.cc(226)] crbug.com/1216328: Checking Bluetooth availability started. Please report if there is no report that this ends.
Dec 02, 2021 22:48:18.07 [25468:26584:1202/224818.069:ERROR:chrome_browser_main_extra_parts_metrics.cc(229)] crbug.com/1216328: Checking Bluetooth availability ended.
Dec 02, 2021 22:48:18.08 [25468:26584:1202/224818.069:ERROR:chrome_browser_main_extra_parts_metrics.cc(232)] crbug.com/1216328: Checking default browser status started. Please report if there is no report that this ends.
Dec 02, 2021 22:48:18.08 [25468:23060:1202/224818.074:ERROR:device_event_log_impl.cc(214)] [22:48:18.074] USB: usb_device_handle_win.cc:1048 Failed to read descriptor from node connection: A device attached to the system is not functioning. (0x1F)
Dec 02, 2021 22:48:18.08 [25468:23060:1202/224818.075:ERROR:device_event_log_impl.cc(214)] [22:48:18.076] USB: usb_device_handle_win.cc:1048 Failed to read descriptor from node connection: A device attached to the system is not functioning. (0x1F)
Dec 02, 2021 22:48:18.08 [25468:26584:1202/224818.078:ERROR:chrome_browser_main_extra_parts_metrics.cc(236)] crbug.com/1216328: Checking default browser status ended.
Dec 02, 2021 22:48:18.13 [25468:24708:1202/224818.133:ERROR:connection_factory_impl.cc(425)] Failed to connect to MCS endpoint with error -106
Dec 02, 2021 22:48:41.09 [18640:3344:1202/224841.093:ERROR:chrome_browser_main_extra_parts_metrics.cc(226)] crbug.com/1216328: Checking Bluetooth availability started. Please report if there is no report that this ends.
Dec 02, 2021 22:48:41.09 [18640:3344:1202/224841.093:ERROR:chrome_browser_main_extra_parts_metrics.cc(229)] crbug.com/1216328: Checking Bluetooth availability ended.
Dec 02, 2021 22:48:41.10 [18640:3344:1202/224841.093:ERROR:chrome_browser_main_extra_parts_metrics.cc(232)] crbug.com/1216328: Checking default browser status started. Please report if there is no report that this ends.
Dec 02, 2021 22:48:41.10 [18640:20736:1202/224841.099:ERROR:device_event_log_impl.cc(214)] [22:48:41.098] USB: usb_device_handle_win.cc:1048 Failed to read descriptor from node connection: A device attached to the system is not functioning. (0x1F)
Dec 02, 2021 22:48:41.10 [18640:20736:1202/224841.101:ERROR:device_event_log_impl.cc(214)] [22:48:41.101] USB: usb_device_handle_win.cc:1048 Failed to read descriptor from node connection: A device attached to the system is not functioning. (0x1F)
Dec 02, 2021 22:48:41.10 [18640:3344:1202/224841.105:ERROR:chrome_browser_main_extra_parts_metrics.cc(236)] crbug.com/1216328: Checking default browser status ended.
Dec 02, 2021 22:48:41.14 [18640:21336:1202/224841.145:ERROR:connection_factory_impl.cc(425)] Failed to connect to MCS endpoint with error -106
Dec 02, 2021 22:49:03.49 [18640:21336:1202/224903.494:ERROR:connection_factory_impl.cc(425)] Failed to connect to MCS endpoint with error -106
Dec 02, 2021 22:49:51.43 [18640:21336:1202/224951.432:ERROR:connection_factory_impl.cc(425)] Failed to connect to MCS endpoint with error -106

Dec 03, 2021 15:44:39.93 NEW SESSION
Dec 03, 2021 15:44:39.93 [18136:7020:1203/154439.930:ERROR:chrome_browser_main_extra_parts_metrics.cc(226)] crbug.com/1216328: Checking Bluetooth availability started. Please report if there is no report that this ends.
Dec 03, 2021 15:44:39.94 [18136:7020:1203/154439.930:ERROR:chrome_browser_main_extra_parts_metrics.cc(229)] crbug.com/1216328: Checking Bluetooth availability ended.
Dec 03, 2021 15:44:39.94 [18136:7020:1203/154439.930:ERROR:chrome_browser_main_extra_parts_metrics.cc(232)] crbug.com/1216328: Checking default browser status started. Please report if there is no report that this ends.
Dec 03, 2021 15:44:39.94 [18136:22792:1203/154439.936:ERROR:device_event_log_impl.cc(214)] [15:44:39.936] USB: usb_device_handle_win.cc:1048 Failed to read descriptor from node connection: A device attached to the system is not functioning. (0x1F)
Dec 03, 2021 15:44:39.94 [18136:22792:1203/154439.937:ERROR:device_event_log_impl.cc(214)] [15:44:39.937] USB: usb_device_handle_win.cc:1048 Failed to read descriptor from node connection: A device attached to the system is not functioning. (0x1F)
Dec 03, 2021 15:44:39.94 [18136:7020:1203/154439.939:ERROR:chrome_browser_main_extra_parts_metrics.cc(236)] crbug.com/1216328: Checking default browser status ended.
Dec 03, 2021 15:44:41.41 [18136:27492:1203/154441.404:ERROR:get_updates_processor.cc(260)] PostClientToServerMessage() failed during GetUpdates with error 2
Dec 03, 2021 15:44:57.20 [22976:19972:1203/154457.207:ERROR:chrome_browser_main_extra_parts_metrics.cc(226)] crbug.com/1216328: Checking Bluetooth availability started. Please report if there is no report that this ends.
Dec 03, 2021 15:44:57.21 [22976:19972:1203/154457.207:ERROR:chrome_browser_main_extra_parts_metrics.cc(229)] crbug.com/1216328: Checking Bluetooth availability ended.
Dec 03, 2021 15:44:57.21 [22976:19972:1203/154457.207:ERROR:chrome_browser_main_extra_parts_metrics.cc(232)] crbug.com/1216328: Checking default browser status started. Please report if there is no report that this ends.
Dec 03, 2021 15:44:57.21 [22976:15224:1203/154457.210:ERROR:device_event_log_impl.cc(214)] [15:44:57.211] USB: usb_device_handle_win.cc:1048 Failed to read descriptor from node connection: A device attached to the system is not functioning. (0x1F)
Dec 03, 2021 15:44:57.21 [22976:15224:1203/154457.212:ERROR:device_event_log_impl.cc(214)] [15:44:57.212] USB: usb_device_handle_win.cc:1048 Failed to read descriptor from node connection: A device attached to the system is not functioning. (0x1F)
Dec 03, 2021 15:44:57.21 [22976:19972:1203/154457.214:ERROR:chrome_browser_main_extra_parts_metrics.cc(236)] crbug.com/1216328: Checking default browser status ended.
Dec 03, 2021 16:07:38.72 [4064:25364:1203/160738.719:ERROR:chrome_browser_main_extra_parts_metrics.cc(226)] crbug.com/1216328: Checking Bluetooth availability started. Please report if there is no report that this ends.
Dec 03, 2021 16:07:38.72 [4064:25364:1203/160738.719:ERROR:chrome_browser_main_extra_parts_metrics.cc(229)] crbug.com/1216328: Checking Bluetooth availability ended.
Dec 03, 2021 16:07:38.72 [4064:25364:1203/160738.719:ERROR:chrome_browser_main_extra_parts_metrics.cc(232)] crbug.com/1216328: Checking default browser status started. Please report if there is no report that this ends.
Dec 03, 2021 16:07:38.72 [4064:25776:1203/160738.722:ERROR:device_event_log_impl.cc(214)] [16:07:38.722] USB: usb_device_handle_win.cc:1048 Failed to read descriptor from node connection: A device attached to the system is not functioning. (0x1F)
Dec 03, 2021 16:07:38.73 [4064:25776:1203/160738.724:ERROR:device_event_log_impl.cc(214)] [16:07:38.724] USB: usb_device_handle_win.cc:1048 Failed to read descriptor from node connection: A device attached to the system is not functioning. (0x1F)
Dec 03, 2021 16:07:38.73 [4064:25364:1203/160738.729:ERROR:chrome_browser_main_extra_parts_metrics.cc(236)] crbug.com/1216328: Checking default browser status ended.
Dec 03, 2021 16:12:37.76 [25496:4720:1203/161237.759:ERROR:chrome_browser_main_extra_parts_metrics.cc(226)] crbug.com/1216328: Checking Bluetooth availability started. Please report if there is no report that this ends.
Dec 03, 2021 16:12:37.76 [25496:4720:1203/161237.759:ERROR:chrome_browser_main_extra_parts_metrics.cc(229)] crbug.com/1216328: Checking Bluetooth availability ended.
Dec 03, 2021 16:12:37.76 [25496:4720:1203/161237.759:ERROR:chrome_browser_main_extra_parts_metrics.cc(232)] crbug.com/1216328: Checking default browser status started. Please report if there is no report that this ends.
Dec 03, 2021 16:12:37.76 [25496:3596:1203/161237.761:ERROR:device_event_log_impl.cc(214)] [16:12:37.761] USB: usb_device_handle_win.cc:1048 Failed to read descriptor from node connection: A device attached to the system is not functioning. (0x1F)
Dec 03, 2021 16:12:37.76 [25496:3596:1203/161237.761:ERROR:device_event_log_impl.cc(214)] [16:12:37.762] USB: usb_device_handle_win.cc:1048 Failed to read descriptor from node connection: A device attached to the system is not functioning. (0x1F)
Dec 03, 2021 16:12:37.77 [25496:4720:1203/161237.770:ERROR:chrome_browser_main_extra_parts_metrics.cc(236)] crbug.com/1216328: Checking default browser status ended.
Dec 03, 2021 16:17:40.49 [25496:26208:1203/161740.494:ERROR:connection_factory_impl.cc(425)] Failed to connect to MCS endpoint with error -106
Dec 03, 2021 16:22:55.99 [25944:20656:1203/162255.994:ERROR:chrome_browser_main_extra_parts_metrics.cc(226)] crbug.com/1216328: Checking Bluetooth availability started. Please report if there is no report that this ends.
Dec 03, 2021 16:22:55.99 [25944:20656:1203/162255.994:ERROR:chrome_browser_main_extra_parts_metrics.cc(229)] crbug.com/1216328: Checking Bluetooth availability ended.
Dec 03, 2021 16:22:56.00 [25944:20656:1203/162255.994:ERROR:chrome_browser_main_extra_parts_metrics.cc(232)] crbug.com/1216328: Checking default browser status started. Please report if there is no report that this ends.
Dec 03, 2021 16:22:56.00 [25944:15512:1203/162256.000:ERROR:device_event_log_impl.cc(214)] [16:22:56.000] USB: usb_device_handle_win.cc:1048 Failed to read descriptor from node connection: A device attached to the system is not functioning. (0x1F)
Dec 03, 2021 16:22:56.00 [25944:15512:1203/162256.001:ERROR:device_event_log_impl.cc(214)] [16:22:56.001] USB: usb_device_handle_win.cc:1048 Failed to read descriptor from node connection: A device attached to the system is not functioning. (0x1F)
Dec 03, 2021 16:22:56.00 [25944:20656:1203/162256.005:ERROR:chrome_browser_main_extra_parts_metrics.cc(236)] crbug.com/1216328: Checking default browser status ended.
Dec 03, 2021 16:34:18.08 [9836:20652:1203/163418.082:ERROR:chrome_browser_main_extra_parts_metrics.cc(226)] crbug.com/1216328: Checking Bluetooth availability started. Please report if there is no report that this ends.
Dec 03, 2021 16:34:18.08 [9836:20652:1203/163418.082:ERROR:chrome_browser_main_extra_parts_metrics.cc(229)] crbug.com/1216328: Checking Bluetooth availability ended.
Dec 03, 2021 16:34:18.08 [9836:20652:1203/163418.082:ERROR:chrome_browser_main_extra_parts_metrics.cc(232)] crbug.com/1216328: Checking default browser status started. Please report if there is no report that this ends.
Dec 03, 2021 16:34:18.08 [9836:11844:1203/163418.086:ERROR:device_event_log_impl.cc(214)] [16:34:18.086] USB: usb_device_handle_win.cc:1048 Failed to read descriptor from node connection: A device attached to the system is not functioning. (0x1F)
Dec 03, 2021 16:34:18.09 [9836:11844:1203/163418.087:ERROR:device_event_log_impl.cc(214)] [16:34:18.087] USB: usb_device_handle_win.cc:1048 Failed to read descriptor from node connection: A device attached to the system is not functioning. (0x1F)
Dec 03, 2021 16:34:18.09 [9836:20652:1203/163418.090:ERROR:chrome_browser_main_extra_parts_metrics.cc(236)] crbug.com/1216328: Checking default browser status ended.
Dec 03, 2021 16:45:43.50 [9836:25500:1203/164543.503:ERROR:connection_factory_impl.cc(425)] Failed to connect to MCS endpoint with error -106
Dec 03, 2021 16:51:38.29 [26668:17864:1203/165138.296:ERROR:chrome_browser_main_extra_parts_metrics.cc(226)] crbug.com/1216328: Checking Bluetooth availability started. Please report if there is no report that this ends.
Dec 03, 2021 16:51:38.29 [26668:27140:1203/165138.296:ERROR:device_event_log_impl.cc(214)] [16:51:38.297] USB: usb_device_handle_win.cc:1048 Failed to read descriptor from node connection: A device attached to the system is not functioning. (0x1F)
Dec 03, 2021 16:51:38.29 [26668:17864:1203/165138.297:ERROR:chrome_browser_main_extra_parts_metrics.cc(229)] crbug.com/1216328: Checking Bluetooth availability ended.
Dec 03, 2021 16:51:38.29 [26668:27140:1203/165138.297:ERROR:device_event_log_impl.cc(214)] [16:51:38.297] USB: usb_device_handle_win.cc:1048 Failed to read descriptor from node connection: A device attached to the system is not functioning. (0x1F)
Dec 03, 2021 16:51:38.30 [26668:17864:1203/165138.297:ERROR:chrome_browser_main_extra_parts_metrics.cc(232)] crbug.com/1216328: Checking default browser status started. Please report if there is no report that this ends.
Dec 03, 2021 16:51:38.30 [26668:17864:1203/165138.301:ERROR:chrome_browser_main_extra_parts_metrics.cc(236)] crbug.com/1216328: Checking default browser status ended.
Dec 03, 2021 16:52:04.47 [21516:25412:1203/165204.471:ERROR:chrome_browser_main_extra_parts_metrics.cc(226)] crbug.com/1216328: Checking Bluetooth availability started. Please report if there is no report that this ends.
Dec 03, 2021 16:52:04.47 [21516:25412:1203/165204.471:ERROR:chrome_browser_main_extra_parts_metrics.cc(229)] crbug.com/1216328: Checking Bluetooth availability ended.
Dec 03, 2021 16:52:04.47 [21516:25412:1203/165204.471:ERROR:chrome_browser_main_extra_parts_metrics.cc(232)] crbug.com/1216328: Checking default browser status started. Please report if there is no report that this ends.
Dec 03, 2021 16:52:04.48 [21516:25908:1203/165204.477:ERROR:device_event_log_impl.cc(214)] [16:52:04.476] USB: usb_device_handle_win.cc:1048 Failed to read descriptor from node connection: A device attached to the system is not functioning. (0x1F)
Dec 03, 2021 16:52:04.48 [21516:25908:1203/165204.478:ERROR:device_event_log_impl.cc(214)] [16:52:04.478] USB: usb_device_handle_win.cc:1048 Failed to read descriptor from node connection: A device attached to the system is not functioning. (0x1F)
Dec 03, 2021 16:52:04.48 [21516:25412:1203/165204.484:ERROR:chrome_browser_main_extra_parts_metrics.cc(236)] crbug.com/1216328: Checking default browser status ended.
Dec 03, 2021 16:52:06.55 [21516:14972:1203/165206.559:ERROR:get_updates_processor.cc(260)] PostClientToServerMessage() failed during GetUpdates with error 2
Dec 03, 2021 16:52:38.56 [24220:13884:1203/165238.561:ERROR:chrome_browser_main_extra_parts_metrics.cc(226)] crbug.com/1216328: Checking Bluetooth availability started. Please report if there is no report that this ends.
Dec 03, 2021 16:52:38.56 [24220:13884:1203/165238.561:ERROR:chrome_browser_main_extra_parts_metrics.cc(229)] crbug.com/1216328: Checking Bluetooth availability ended.
Dec 03, 2021 16:52:38.56 [24220:13884:1203/165238.562:ERROR:chrome_browser_main_extra_parts_metrics.cc(232)] crbug.com/1216328: Checking default browser status started. Please report if there is no report that this ends.
Dec 03, 2021 16:52:38.57 [24220:7300:1203/165238.566:ERROR:device_event_log_impl.cc(214)] [16:52:38.567] USB: usb_device_handle_win.cc:1048 Failed to read descriptor from node connection: A device attached to the system is not functioning. (0x1F)
Dec 03, 2021 16:52:38.57 [24220:7300:1203/165238.568:ERROR:device_event_log_impl.cc(214)] [16:52:38.569] USB: usb_device_handle_win.cc:1048 Failed to read descriptor from node connection: A device attached to the system is not functioning. (0x1F)
Dec 03, 2021 16:52:38.57 [24220:13884:1203/165238.576:ERROR:chrome_browser_main_extra_parts_metrics.cc(236)] crbug.com/1216328: Checking default browser status ended.
Dec 03, 2021 16:53:11.74 [20844:22128:1203/165311.741:ERROR:chrome_browser_main_extra_parts_metrics.cc(226)] crbug.com/1216328: Checking Bluetooth availability started. Please report if there is no report that this ends.
Dec 03, 2021 16:53:11.74 [20844:22128:1203/165311.741:ERROR:chrome_browser_main_extra_parts_metrics.cc(229)] crbug.com/1216328: Checking Bluetooth availability ended.
Dec 03, 2021 16:53:11.74 [20844:22128:1203/165311.741:ERROR:chrome_browser_main_extra_parts_metrics.cc(232)] crbug.com/1216328: Checking default browser status started. Please report if there is no report that this ends.
Dec 03, 2021 16:53:11.74 [20844:11484:1203/165311.746:ERROR:device_event_log_impl.cc(214)] [16:53:11.746] USB: usb_device_handle_win.cc:1048 Failed to read descriptor from node connection: A device attached to the system is not functioning. (0x1F)
Dec 03, 2021 16:53:11.75 [20844:11484:1203/165311.748:ERROR:device_event_log_impl.cc(214)] [16:53:11.748] USB: usb_device_handle_win.cc:1048 Failed to read descriptor from node connection: A device attached to the system is not functioning. (0x1F)
Dec 03, 2021 16:53:11.75 [20844:22128:1203/165311.750:ERROR:chrome_browser_main_extra_parts_metrics.cc(236)] crbug.com/1216328: Checking default browser status ended.
Dec 03, 2021 16:54:02.84 [9000:25888:1203/165402.846:ERROR:chrome_browser_main_extra_parts_metrics.cc(226)] crbug.com/1216328: Checking Bluetooth availability started. Please report if there is no report that this ends.
Dec 03, 2021 16:54:02.85 [9000:25888:1203/165402.846:ERROR:chrome_browser_main_extra_parts_metrics.cc(229)] crbug.com/1216328: Checking Bluetooth availability ended.
Dec 03, 2021 16:54:02.85 [9000:25888:1203/165402.846:ERROR:chrome_browser_main_extra_parts_metrics.cc(232)] crbug.com/1216328: Checking default browser status started. Please report if there is no report that this ends.
Dec 03, 2021 16:54:02.85 [9000:12744:1203/165402.851:ERROR:device_event_log_impl.cc(214)] [16:54:02.851] USB: usb_device_handle_win.cc:1048 Failed to read descriptor from node connection: A device attached to the system is not functioning. (0x1F)
Dec 03, 2021 16:54:02.85 [9000:12744:1203/165402.852:ERROR:device_event_log_impl.cc(214)] [16:54:02.852] USB: usb_device_handle_win.cc:1048 Failed to read descriptor from node connection: A device attached to the system is not functioning. (0x1F)
Dec 03, 2021 16:54:02.85 [9000:25888:1203/165402.855:ERROR:chrome_browser_main_extra_parts_metrics.cc(236)] crbug.com/1216328: Checking default browser status ended.
Dec 03, 2021 16:55:30.49 [13584:21524:1203/165530.488:ERROR:chrome_browser_main_extra_parts_metrics.cc(226)] crbug.com/1216328: Checking Bluetooth availability started. Please report if there is no report that this ends.
Dec 03, 2021 16:55:30.49 [13584:21524:1203/165530.488:ERROR:chrome_browser_main_extra_parts_metrics.cc(229)] crbug.com/1216328: Checking Bluetooth availability ended.
Dec 03, 2021 16:55:30.49 [13584:21524:1203/165530.488:ERROR:chrome_browser_main_extra_parts_metrics.cc(232)] crbug.com/1216328: Checking default browser status started. Please report if there is no report that this ends.
Dec 03, 2021 16:55:30.49 [13584:3556:1203/165530.493:ERROR:device_event_log_impl.cc(214)] [16:55:30.493] USB: usb_device_handle_win.cc:1048 Failed to read descriptor from node connection: A device attached to the system is not functioning. (0x1F)
Dec 03, 2021 16:55:30.49 [13584:3556:1203/165530.494:ERROR:device_event_log_impl.cc(214)] [16:55:30.494] USB: usb_device_handle_win.cc:1048 Failed to read descriptor from node connection: A device attached to the system is not functioning. (0x1F)
Dec 03, 2021 16:55:30.50 [13584:21524:1203/165530.498:ERROR:chrome_browser_main_extra_parts_metrics.cc(236)] crbug.com/1216328: Checking default browser status ended.
Dec 03, 2021 16:59:46.93 [15464:2728:1203/165946.935:ERROR:chrome_browser_main_extra_parts_metrics.cc(226)] crbug.com/1216328: Checking Bluetooth availability started. Please report if there is no report that this ends.
Dec 03, 2021 16:59:46.93 [15464:2728:1203/165946.935:ERROR:chrome_browser_main_extra_parts_metrics.cc(229)] crbug.com/1216328: Checking Bluetooth availability ended.
Dec 03, 2021 16:59:46.94 [15464:2728:1203/165946.935:ERROR:chrome_browser_main_extra_parts_metrics.cc(232)] crbug.com/1216328: Checking default browser status started. Please report if there is no report that this ends.
Dec 03, 2021 16:59:46.94 [15464:21260:1203/165946.940:ERROR:device_event_log_impl.cc(214)] [16:59:46.940] USB: usb_device_handle_win.cc:1048 Failed to read descriptor from node connection: A device attached to the system is not functioning. (0x1F)
Dec 03, 2021 16:59:46.94 [15464:21260:1203/165946.942:ERROR:device_event_log_impl.cc(214)] [16:59:46.942] USB: usb_device_handle_win.cc:1048 Failed to read descriptor from node connection: A device attached to the system is not functioning. (0x1F)
Dec 03, 2021 16:59:46.94 [15464:2728:1203/165946.945:ERROR:chrome_browser_main_extra_parts_metrics.cc(236)] crbug.com/1216328: Checking default browser status ended.
Dec 03, 2021 17:01:10.92 [7308:26224:1203/170110.921:ERROR:chrome_browser_main_extra_parts_metrics.cc(226)] crbug.com/1216328: Checking Bluetooth availability started. Please report if there is no report that this ends.
Dec 03, 2021 17:01:10.92 [7308:26224:1203/170110.921:ERROR:chrome_browser_main_extra_parts_metrics.cc(229)] crbug.com/1216328: Checking Bluetooth availability ended.
Dec 03, 2021 17:01:10.92 [7308:26224:1203/170110.921:ERROR:chrome_browser_main_extra_parts_metrics.cc(232)] crbug.com/1216328: Checking default browser status started. Please report if there is no report that this ends.
Dec 03, 2021 17:01:10.93 [7308:27328:1203/170110.928:ERROR:device_event_log_impl.cc(214)] [17:01:10.928] USB: usb_device_handle_win.cc:1048 Failed to read descriptor from node connection: A device attached to the system is not functioning. (0x1F)
Dec 03, 2021 17:01:10.93 [7308:27328:1203/170110.932:ERROR:device_event_log_impl.cc(214)] [17:01:10.933] USB: usb_device_handle_win.cc:1048 Failed to read descriptor from node connection: A device attached to the system is not functioning. (0x1F)
Dec 03, 2021 17:01:10.93 [7308:26224:1203/170110.935:ERROR:chrome_browser_main_extra_parts_metrics.cc(236)] crbug.com/1216328: Checking default browser status ended.
Dec 03, 2021 17:01:42.97 [11640:22212:1203/170142.976:ERROR:chrome_browser_main_extra_parts_metrics.cc(226)] crbug.com/1216328: Checking Bluetooth availability started. Please report if there is no report that this ends.
Dec 03, 2021 17:01:42.97 [11640:22212:1203/170142.976:ERROR:chrome_browser_main_extra_parts_metrics.cc(229)] crbug.com/1216328: Checking Bluetooth availability ended.
Dec 03, 2021 17:01:42.98 [11640:22212:1203/170142.976:ERROR:chrome_browser_main_extra_parts_metrics.cc(232)] crbug.com/1216328: Checking default browser status started. Please report if there is no report that this ends.
Dec 03, 2021 17:01:42.98 [11640:20292:1203/170142.981:ERROR:device_event_log_impl.cc(214)] [17:01:42.981] USB: usb_device_handle_win.cc:1048 Failed to read descriptor from node connection: A device attached to the system is not functioning. (0x1F)
Dec 03, 2021 17:01:42.98 [11640:20292:1203/170142.982:ERROR:device_event_log_impl.cc(214)] [17:01:42.982] USB: usb_device_handle_win.cc:1048 Failed to read descriptor from node connection: A device attached to the system is not functioning. (0x1F)
Dec 03, 2021 17:01:42.98 [11640:22212:1203/170142.985:ERROR:chrome_browser_main_extra_parts_metrics.cc(236)] crbug.com/1216328: Checking default browser status ended.
Dec 03, 2021 17:04:01.63 [25268:26204:1203/170401.630:ERROR:chrome_browser_main_extra_parts_metrics.cc(226)] crbug.com/1216328: Checking Bluetooth availability started. Please report if there is no report that this ends.
Dec 03, 2021 17:04:01.63 [25268:26204:1203/170401.630:ERROR:chrome_browser_main_extra_parts_metrics.cc(229)] crbug.com/1216328: Checking Bluetooth availability ended.
Dec 03, 2021 17:04:01.63 [25268:26204:1203/170401.630:ERROR:chrome_browser_main_extra_parts_metrics.cc(232)] crbug.com/1216328: Checking default browser status started. Please report if there is no report that this ends.
Dec 03, 2021 17:04:01.63 [25268:20436:1203/170401.634:ERROR:device_event_log_impl.cc(214)] [17:04:01.634] USB: usb_device_handle_win.cc:1048 Failed to read descriptor from node connection: A device attached to the system is not functioning. (0x1F)
Dec 03, 2021 17:04:01.63 [25268:20436:1203/170401.636:ERROR:device_event_log_impl.cc(214)] [17:04:01.635] USB: usb_device_handle_win.cc:1048 Failed to read descriptor from node connection: A device attached to the system is not functioning. (0x1F)
Dec 03, 2021 17:04:01.64 [25268:26204:1203/170401.640:ERROR:chrome_browser_main_extra_parts_metrics.cc(236)] crbug.com/1216328: Checking default browser status ended.
Dec 03, 2021 17:20:20.71 [15088:3368:1203/172020.718:ERROR:chrome_browser_main_extra_parts_metrics.cc(226)] crbug.com/1216328: Checking Bluetooth availability started. Please report if there is no report that this ends.
Dec 03, 2021 17:20:20.72 [15088:3368:1203/172020.718:ERROR:chrome_browser_main_extra_parts_metrics.cc(229)] crbug.com/1216328: Checking Bluetooth availability ended.
Dec 03, 2021 17:20:20.72 [15088:3368:1203/172020.718:ERROR:chrome_browser_main_extra_parts_metrics.cc(232)] crbug.com/1216328: Checking default browser status started. Please report if there is no report that this ends.
Dec 03, 2021 17:20:20.72 [15088:7984:1203/172020.725:ERROR:device_event_log_impl.cc(214)] [17:20:20.725] USB: usb_device_handle_win.cc:1048 Failed to read descriptor from node connection: A device attached to the system is not functioning. (0x1F)
Dec 03, 2021 17:20:20.72 [15088:7984:1203/172020.726:ERROR:device_event_log_impl.cc(214)] [17:20:20.726] USB: usb_device_handle_win.cc:1048 Failed to read descriptor from node connection: A device attached to the system is not functioning. (0x1F)
Dec 03, 2021 17:20:20.73 [15088:3368:1203/172020.729:ERROR:chrome_browser_main_extra_parts_metrics.cc(236)] crbug.com/1216328: Checking default browser status ended.

Dec 05, 2021 01:05:28.45 NEW SESSION
Dec 05, 2021 01:05:28.45 [1796:3592:1205/010528.455:ERROR:chrome_browser_main_extra_parts_metrics.cc(226)] crbug.com/1216328: Checking Bluetooth availability started. Please report if there is no report that this ends.
Dec 05, 2021 01:05:28.46 [1796:3592:1205/010528.455:ERROR:chrome_browser_main_extra_parts_metrics.cc(229)] crbug.com/1216328: Checking Bluetooth availability ended.
Dec 05, 2021 01:05:28.46 [1796:3592:1205/010528.455:ERROR:chrome_browser_main_extra_parts_metrics.cc(232)] crbug.com/1216328: Checking default browser status started. Please report if there is no report that this ends.
Dec 05, 2021 01:05:28.46 [1796:8164:1205/010528.457:ERROR:device_event_log_impl.cc(214)] [01:05:28.457] USB: usb_device_handle_win.cc:1048 Failed to read descriptor from node connection: A device attached to the system is not functioning. (0x1F)
Dec 05, 2021 01:05:28.46 [1796:8164:1205/010528.458:ERROR:device_event_log_impl.cc(214)] [01:05:28.457] USB: usb_device_handle_win.cc:1048 Failed to read descriptor from node connection: A device attached to the system is not functioning. (0x1F)
Dec 05, 2021 01:05:28.46 [1796:3592:1205/010528.459:ERROR:chrome_browser_main_extra_parts_metrics.cc(236)] crbug.com/1216328: Checking default browser status ended.
Dec 05, 2021 01:05:28.50 [1796:13676:1205/010528.509:ERROR:connection_factory_impl.cc(425)] Failed to connect to MCS endpoint with error -106
Dec 05, 2021 01:06:09.01 [12928:3632:1205/010609.009:ERROR:chrome_browser_main_extra_parts_metrics.cc(226)] crbug.com/1216328: Checking Bluetooth availability started. Please report if there is no report that this ends.
Dec 05, 2021 01:06:09.01 [12928:3632:1205/010609.009:ERROR:chrome_browser_main_extra_parts_metrics.cc(229)] crbug.com/1216328: Checking Bluetooth availability ended.
Dec 05, 2021 01:06:09.01 [12928:3632:1205/010609.009:ERROR:chrome_browser_main_extra_parts_metrics.cc(232)] crbug.com/1216328: Checking default browser status started. Please report if there is no report that this ends.
Dec 05, 2021 01:06:09.01 [12928:1404:1205/010609.014:ERROR:device_event_log_impl.cc(214)] [01:06:09.013] USB: usb_device_handle_win.cc:1048 Failed to read descriptor from node connection: A device attached to the system is not functioning. (0x1F)
Dec 05, 2021 01:06:09.01 [12928:1404:1205/010609.016:ERROR:device_event_log_impl.cc(214)] [01:06:09.015] USB: usb_device_handle_win.cc:1048 Failed to read descriptor from node connection: A device attached to the system is not functioning. (0x1F)
Dec 05, 2021 01:06:09.02 [12928:3632:1205/010609.019:ERROR:chrome_browser_main_extra_parts_metrics.cc(236)] crbug.com/1216328: Checking default browser status ended.
Dec 05, 2021 01:06:09.06 [12928:5544:1205/010609.061:ERROR:connection_factory_impl.cc(425)] Failed to connect to MCS endpoint with error -106
